[Message:   BepInEx] BepInEx 5.4.23.3 - valheim_server (02/08/2026 01:27:46)
[Message:   BepInEx] User is running BepInExPack Valheim version 5.4.2333 from Thunderstore
[Info   :   BepInEx] Running under Unity vUnknown (post-2017)
[Info   :   BepInEx] CLR runtime version: 4.0.30319.42000
[Info   :   BepInEx] Supports SRE: True
[Info   :   BepInEx] System platform: Bits64, Linux
[Message:   BepInEx] Preloader started
[Info   :   BepInEx] Loaded 1 patcher method from [BepInEx.Preloader 5.4.23.3]
[Info   :   BepInEx] 1 patcher plugin loaded
[Info   :   BepInEx] Patching [UnityEngine.CoreModule] with [BepInEx.Chainloader]
[Message:   BepInEx] Preloader finished
[Info   :   BepInEx] Detected Unity version: v6000.0.61f1
[Message:   BepInEx] Chainloader ready
[Message:   BepInEx] Chainloader started
[Info   :   BepInEx] 1 plugin to load
[Info   :   BepInEx] Loading [ServersideQoL 1.7.0]
[Message:   BepInEx] Chainloader startup complete
[Info   : Unity Log] 02/11/2026 19:03:45: Set background loading budget to Low

[Info   : Unity Log] 02/11/2026 19:03:45: Loading first scene!

[Info   : Unity Log] 02/11/2026 19:03:45: Preferences initialized! Activating first scene!

[Error  : Unity Log] 02/11/2026 19:03:45: Can't return the graphics config when it's not loaded!

[Info   : Unity Log] 02/11/2026 19:03:45: 

[Info   : Unity Log] 02/11/2026 19:03:45: Starting to load scene:start.unity (169d7618616154c03be07e9ad3af5893)

[Info   : Unity Log] 02/11/2026 19:03:45: Set background loading budget to Normal

[Info   : Unity Log] 02/11/2026 19:03:45: Loaded localization file #0 - 'localization' language: 'English'

[Info   : Unity Log] 02/11/2026 19:03:45: Loaded localization file #1 - 'localization_extra' language: 'English'

[Info   : Unity Log] 02/11/2026 19:03:45: Loaded localization file #2 - 'heightmap_message' language: 'English'

[Info   : Unity Log] 02/11/2026 19:03:45: Loaded localization file #3 - 'localization_witch' language: 'English'

[Info   : Unity Log] 02/11/2026 19:03:45: Loaded localization file #4 - 'localization_ashlands' language: 'English'

[Info   : Unity Log] 02/11/2026 19:03:45: Loaded localization file #5 - 'localization_captions' language: 'English'

[Info   : Unity Log] 02/11/2026 19:03:45: Loaded localization file #6 - 'localization_combatupdate' language: 'English'

[Info   : Unity Log] 02/11/2026 19:03:45: Loaded localization file #7 - 'localization_celebrationupdate' language: 'English'

[Error  : Unity Log] AsyncResourceUpload failed.
[Error  : Unity Log] AsyncResourceUpload failed.
[Info   : Unity Log] 02/11/2026 19:03:49: Set background loading budget to High

[Info   : Unity Log] 02/11/2026 19:03:49: GPU Device: 0000:0000 (Unknown)

[Info   : Unity Log] 02/11/2026 19:03:55: Set background loading budget to Low

[Warning: Unity Log] HDR Render Texture not supported, disabling HDR on reflection probe.
[Warning: Unity Log] 02/11/2026 19:03:55: Missing audio clip in music respawn

[Info   : Unity Log] 02/11/2026 19:03:55: Setting -logfile to: log.txt

[Info   : Unity Log] 02/11/2026 19:03:55: Setting -savedir to: /home/steam/valheimsave

[Info   : Unity Log] 02/11/2026 19:03:55: Get create world BonkTown

[Info   : Unity Log] 02/11/2026 19:03:55: Setting world modifier: raids->less

[Info   : Unity Log] 02/11/2026 19:03:55: Setting world modifier: resources->muchmore

[Info   : Unity Log] 02/11/2026 19:03:55: Setting world modifier: portals->casual

[Info   : Unity Log] 02/11/2026 19:03:55: Setting world modifier: deathpenalty->casual

[Info   : Unity Log] 02/11/2026 19:03:55: Setting world modifier: combat->easy

[Info   : Unity Log] 02/11/2026 19:03:55: Using environment steamid 892970

[Info   : Unity Log] 02/11/2026 19:03:55: Using steam APPID:892970

[Info   : Unity Log] 02/11/2026 19:03:55: Server ID 90071992547409920

[Info   : Unity Log] 02/11/2026 19:03:55: Authentication:k_ESteamNetworkingAvailability_Waiting

[Info   : Unity Log] 02/11/2026 19:03:55: Steam game server initialized

[Info   : Unity Log] 02/11/2026 19:03:55: Valheim version: l-0.221.10 (network version 36)

[Info   : Unity Log] 02/11/2026 19:03:55: Worldgenerator version setup:2

[Info   : Unity Log] 02/11/2026 19:03:55: Console: Valheim l-0.221.10 (network version 36)

[Info   : Unity Log] 02/11/2026 19:03:55: Console: 

[Info   : Unity Log] 02/11/2026 19:03:55: Console: type "help" - for commands

[Info   : Unity Log] 02/11/2026 19:03:55: Console: 

[Info   : Unity Log] 02/11/2026 19:03:55: Render threading mode:SingleThreaded

[Info   : Unity Log] 02/11/2026 19:03:55: Sending PlayFab login request (attempt 1)

[Info   : Unity Log] 02/11/2026 19:03:55: Login postponed until ID has been set.

[Info   : Unity Log] The shader Hidden/Dof/DepthOfFieldHdr (UnityEngine.Shader) on effect Main Camera (UnityStandardAssets.ImageEffects.DepthOfField) is not supported on this platform!
[Warning: Unity Log] The image effect Main Camera (UnityStandardAssets.ImageEffects.DepthOfField) has been disabled as it's not supported on the current platform.
[Info   : Unity Log] The shader Hidden/SunShaftsComposite (UnityEngine.Shader) on effect Main Camera (UnityStandardAssets.ImageEffects.SunShafts) is not supported on this platform!
[Info   : Unity Log] The shader Hidden/SimpleClear (UnityEngine.Shader) on effect Main Camera (UnityStandardAssets.ImageEffects.SunShafts) is not supported on this platform!
[Warning: Unity Log] The image effect Main Camera (UnityStandardAssets.ImageEffects.SunShafts) has been disabled as it's not supported on the current platform.
[Error  : Unity Log] DllNotFoundException: party assembly:<unknown assembly> type:<unknown type> member:(null)
Stack trace:
PartyCSharpSDK.SDK.PartyInitialize (System.String titleId, PartyCSharpSDK.PARTY_HANDLE& handle) (at <3fe1c61dd78d4a2da22a92605f34ab1e>:0)
PlayFab.Party.PlayFabMultiplayerManager.InitializeImpl () (at <3fe1c61dd78d4a2da22a92605f34ab1e>:0)
PlayFab.Party.PlayFabMultiplayerManager._Initialize () (at <3fe1c61dd78d4a2da22a92605f34ab1e>:0)
PlayFab.Party.PlayFabMultiplayerManager.Start () (at <3fe1c61dd78d4a2da22a92605f34ab1e>:0)

[Info   : Unity Log] 02/11/2026 19:03:55: Starting music menu

[Warning: Unity Log] HDR Render Texture not supported, disabling HDR on reflection probe.
[Warning: Unity Log] HDR Render Texture not supported, disabling HDR on reflection probe.
[Info   : Unity Log] 02/11/2026 19:03:56: Audioman already exist, destroying self

[Info   : Unity Log] 02/11/2026 19:03:56: Console: Valheim l-0.221.10 (network version 36)

[Info   : Unity Log] 02/11/2026 19:03:56: Console: 

[Info   : Unity Log] 02/11/2026 19:03:56: Console: type "help" - for commands

[Info   : Unity Log] 02/11/2026 19:03:56: Console: 

[Info   : Unity Log] 02/11/2026 19:03:56: isModded: True

[Info   : Unity Log] 02/11/2026 19:03:56: Zonesystem Awake 22474

[Info   : Unity Log] 02/11/2026 19:03:56: DungeonDB Awake 22474

[Info   : Unity Log] 02/11/2026 19:03:56: Worldgenerator version setup:2

[Info   : Unity Log] 02/11/2026 19:03:57: Console: /w [text] - Whisper

[Info   : Unity Log] 02/11/2026 19:03:57: Console: /s [text] - Shout

[Info   : Unity Log] 02/11/2026 19:03:57: Console: /die - Kill yourself

[Info   : Unity Log] 02/11/2026 19:03:57: Console: /resetspawn - Reset spawn point

[Info   : Unity Log] 02/11/2026 19:03:57: Console: /[emote]

[Info   : Unity Log] 02/11/2026 19:03:57: Console: Emotes: wave, sit, challenge, cheer, nonono, thumbsup, point, blowkiss, bow, cower, cry, despair, flex, comehere, headbang, kneel, laugh, roar, shrug, dance, relax, toast, rest, vibe, loveyou

[Info   : Unity Log] 02/11/2026 19:03:57: Console: 

[Info   : Unity Log] 02/11/2026 19:03:57: Zonesystem Start 22474

[Info   : Unity Log] 02/11/2026 19:03:57: Added 3 locations, 0 vegetations, 0 environments, 0 biome env-setups, 0 clutter  from main

[Info   : Unity Log] 02/11/2026 19:03:57: Added 1 locations, 0 vegetations, 2 environments, 0 biome env-setups, 0 clutter  from main

[Info   : Unity Log] 02/11/2026 19:03:57: Added 27 locations, 25 vegetations, 5 environments, 1 biome env-setups, 3 clutter  from main

[Info   : Unity Log] 02/11/2026 19:03:57: Added 4 locations, 0 vegetations, 1 environments, 0 biome env-setups, 0 clutter  from main

[Info   : Unity Log] 02/11/2026 19:03:57: Added 25 locations, 33 vegetations, 8 environments, 2 biome env-setups, 2 clutter  from main

[Info   : Unity Log] 02/11/2026 19:03:57: DungeonDB Start 22474

[Info   : Unity Log] 02/11/2026 19:03:57: ZRpc timeout set to 30s 

[Info   : Unity Log] 02/11/2026 19:03:57: ZNET START

[Info   : Unity Log] 02/11/2026 19:03:57: Load world: BonkTown (BonkTown)

[Info   : Unity Log] 02/11/2026 19:03:57: Loading 84900 zdos, my sessionID: 2022692526, data version: 37

[Info   : Unity Log] 02/11/2026 19:03:57: Loading in ZDOs

[Info   : Unity Log] 02/11/2026 19:03:57: Adding to Dictionary

[Info   : Unity Log] 02/11/2026 19:03:57: Adding to Sectors

[Info   : Unity Log] 02/11/2026 19:03:57: Connecting Portals, Spawners & ZSyncTransforms

[Info   : Unity Log] ConnectSpawners => Connected 20 spawners and 76 'done' spawners.
[Info   : Unity Log] 02/11/2026 19:03:58: Loaded 11424 locations

[Info   : Unity Log] 02/11/2026 19:03:58: Unloading unused assets

[Info   : Unity Log] 02/11/2026 19:03:58: Registering lobby

[Info   : Unity Log] 02/11/2026 19:03:58: Opened Steam server

[Info   : Unity Log] The shader Hidden/Dof/DepthOfFieldHdr (UnityEngine.Shader) on effect Main Camera (UnityStandardAssets.ImageEffects.DepthOfField) is not supported on this platform!
[Warning: Unity Log] The image effect Main Camera (UnityStandardAssets.ImageEffects.DepthOfField) has been disabled as it's not supported on the current platform.
[Info   : Unity Log] The shader Hidden/SunShaftsComposite (UnityEngine.Shader) on effect Main Camera (UnityStandardAssets.ImageEffects.SunShafts) is not supported on this platform!
[Info   : Unity Log] The shader Hidden/SimpleClear (UnityEngine.Shader) on effect Main Camera (UnityStandardAssets.ImageEffects.SunShafts) is not supported on this platform!
[Warning: Unity Log] The image effect Main Camera (UnityStandardAssets.ImageEffects.SunShafts) has been disabled as it's not supported on the current platform.
[Info   : Unity Log] 02/11/2026 19:03:58: Game server connected

[Info   :ServersideQoL] [00:00:14.157] Enabled: True, DiagnosticLogs: False
[Warning:ServersideQoL] [00:00:14.158] Unsupported network version: 36, expected: 35
[Warning:ServersideQoL] [00:00:14.158] Unsupported world version: 37, expected: 36
[Error  :ServersideQoL] [00:00:14.158] Version checks failed. Mod execution is stopped
[Info   :ServersideQoL] [00:00:18.965] Enabled: True, DiagnosticLogs: False
[Warning:ServersideQoL] [00:00:18.965] Unsupported network version: 36, expected: 35
[Warning:ServersideQoL] [00:00:18.965] Unsupported world version: 37, expected: 36
[Error  :ServersideQoL] [00:00:18.965] Version checks failed. Mod execution is stopped
[Info   :ServersideQoL] [00:00:23.965] Enabled: True, DiagnosticLogs: False
[Warning:ServersideQoL] [00:00:23.966] Unsupported network version: 36, expected: 35
[Warning:ServersideQoL] [00:00:23.966] Unsupported world version: 37, expected: 36
[Error  :ServersideQoL] [00:00:23.966] Version checks failed. Mod execution is stopped
[Info   :ServersideQoL] [00:00:28.997] Enabled: True, DiagnosticLogs: False
[Warning:ServersideQoL] [00:00:28.997] Unsupported network version: 36, expected: 35
[Warning:ServersideQoL] [00:00:28.997] Unsupported world version: 37, expected: 36
[Error  :ServersideQoL] [00:00:28.997] Version checks failed. Mod execution is stopped
[Info   :ServersideQoL] [00:00:34.025] Enabled: True, DiagnosticLogs: False
[Warning:ServersideQoL] [00:00:34.025] Unsupported network version: 36, expected: 35
[Warning:ServersideQoL] [00:00:34.025] Unsupported world version: 37, expected: 36
[Error  :ServersideQoL] [00:00:34.025] Version checks failed. Mod execution is stopped
[Info   :ServersideQoL] [00:00:39.057] Enabled: True, DiagnosticLogs: False
[Warning:ServersideQoL] [00:00:39.057] Unsupported network version: 36, expected: 35
[Warning:ServersideQoL] [00:00:39.057] Unsupported world version: 37, expected: 36
[Error  :ServersideQoL] [00:00:39.057] Version checks failed. Mod execution is stopped
[Info   :ServersideQoL] [00:00:44.058] Enabled: True, DiagnosticLogs: False
[Warning:ServersideQoL] [00:00:44.058] Unsupported network version: 36, expected: 35
[Warning:ServersideQoL] [00:00:44.058] Unsupported world version: 37, expected: 36
[Error  :ServersideQoL] [00:00:44.058] Version checks failed. Mod execution is stopped
[Info   :ServersideQoL] [00:00:49.086] Enabled: True, DiagnosticLogs: False
[Warning:ServersideQoL] [00:00:49.086] Unsupported network version: 36, expected: 35
[Warning:ServersideQoL] [00:00:49.086] Unsupported world version: 37, expected: 36
[Error  :ServersideQoL] [00:00:49.086] Version checks failed. Mod execution is stopped
[Info   :ServersideQoL] [00:00:54.117] Enabled: True, DiagnosticLogs: False
[Warning:ServersideQoL] [00:00:54.117] Unsupported network version: 36, expected: 35
[Warning:ServersideQoL] [00:00:54.117] Unsupported world version: 37, expected: 36
[Error  :ServersideQoL] [00:00:54.117] Version checks failed. Mod execution is stopped
[Info   :ServersideQoL] [00:00:59.118] Enabled: True, DiagnosticLogs: False
[Warning:ServersideQoL] [00:00:59.118] Unsupported network version: 36, expected: 35
[Warning:ServersideQoL] [00:00:59.118] Unsupported world version: 37, expected: 36
[Error  :ServersideQoL] [00:00:59.118] Version checks failed. Mod execution is stopped
[Info   :ServersideQoL] [00:01:04.144] Enabled: True, DiagnosticLogs: False
[Warning:ServersideQoL] [00:01:04.144] Unsupported network version: 36, expected: 35
[Warning:ServersideQoL] [00:01:04.144] Unsupported world version: 37, expected: 36
[Error  :ServersideQoL] [00:01:04.144] Version checks failed. Mod execution is stopped
[Info   :ServersideQoL] [00:01:09.145] Enabled: True, DiagnosticLogs: False
[Warning:ServersideQoL] [00:01:09.145] Unsupported network version: 36, expected: 35
[Warning:ServersideQoL] [00:01:09.145] Unsupported world version: 37, expected: 36
[Error  :ServersideQoL] [00:01:09.145] Version checks failed. Mod execution is stopped
[Info   : Unity Log] 02/11/2026 19:04:58: Got status changed msg k_ESteamNetworkingConnectionState_Connecting

[Info   : Unity Log] 02/11/2026 19:04:58: New connection

[Info   : Unity Log] 02/11/2026 19:04:58: Accepting connection k_EResultOK

[Info   : Unity Log] 02/11/2026 19:04:58: Connecting to Steamworks.SteamNetworkingIdentity

[Info   : Unity Log] 02/11/2026 19:04:58: Got status changed msg k_ESteamNetworkingConnectionState_Connected

[Info   : Unity Log] 02/11/2026 19:04:58: Connected

[Info   : Unity Log] 02/11/2026 19:04:58: Got connection SteamID 76561198028550379

[Info   : Unity Log] 02/11/2026 19:04:58: Got handshake from client 76561198028550379

[Info   :ServersideQoL] [00:01:14.147] Enabled: True, DiagnosticLogs: False
[Warning:ServersideQoL] [00:01:14.147] Unsupported network version: 36, expected: 35
[Warning:ServersideQoL] [00:01:14.147] Unsupported world version: 37, expected: 36
[Error  :ServersideQoL] [00:01:14.147] Version checks failed. Mod execution is stopped
[Info   :ServersideQoL] [00:01:19.172] Enabled: True, DiagnosticLogs: False
[Warning:ServersideQoL] [00:01:19.172] Unsupported network version: 36, expected: 35
[Warning:ServersideQoL] [00:01:19.172] Unsupported world version: 37, expected: 36
[Error  :ServersideQoL] [00:01:19.172] Version checks failed. Mod execution is stopped
[Info   : Unity Log] 02/11/2026 19:05:05: Network version check, their:36, mine:36

[Info   : Unity Log] 02/11/2026 19:05:05: Server: New peer connected,sending global keys

[Info   :ServersideQoL] [00:01:24.192] Enabled: True, DiagnosticLogs: False
[Warning:ServersideQoL] [00:01:24.192] Unsupported network version: 36, expected: 35
[Warning:ServersideQoL] [00:01:24.192] Unsupported world version: 37, expected: 36
[Error  :ServersideQoL] [00:01:24.192] Version checks failed. Mod execution is stopped
[Info   :ServersideQoL] [00:01:29.216] Enabled: True, DiagnosticLogs: False
[Warning:ServersideQoL] [00:01:29.216] Unsupported network version: 36, expected: 35
[Warning:ServersideQoL] [00:01:29.216] Unsupported world version: 37, expected: 36
[Error  :ServersideQoL] [00:01:29.216] Version checks failed. Mod execution is stopped
[Info   :ServersideQoL] [00:01:34.246] Enabled: True, DiagnosticLogs: False
[Warning:ServersideQoL] [00:01:34.246] Unsupported network version: 36, expected: 35
[Warning:ServersideQoL] [00:01:34.246] Unsupported world version: 37, expected: 36
[Error  :ServersideQoL] [00:01:34.246] Version checks failed. Mod execution is stopped
[Info   : Unity Log] 02/11/2026 19:05:21: Got character ZDOID from Bonkson : 722408320:2

[Info   :ServersideQoL] [00:01:39.273] Enabled: True, DiagnosticLogs: False
[Warning:ServersideQoL] [00:01:39.273] Unsupported network version: 36, expected: 35
[Warning:ServersideQoL] [00:01:39.273] Unsupported world version: 37, expected: 36
[Error  :ServersideQoL] [00:01:39.273] Version checks failed. Mod execution is stopped
[Info   :ServersideQoL] [00:01:44.299] Enabled: True, DiagnosticLogs: False
[Warning:ServersideQoL] [00:01:44.299] Unsupported network version: 36, expected: 35
[Warning:ServersideQoL] [00:01:44.299] Unsupported world version: 37, expected: 36
[Error  :ServersideQoL] [00:01:44.299] Version checks failed. Mod execution is stopped
[Info   :ServersideQoL] [00:01:49.326] Enabled: True, DiagnosticLogs: False
[Warning:ServersideQoL] [00:01:49.326] Unsupported network version: 36, expected: 35
[Warning:ServersideQoL] [00:01:49.326] Unsupported world version: 37, expected: 36
[Error  :ServersideQoL] [00:01:49.326] Version checks failed. Mod execution is stopped
[Info   :ServersideQoL] [00:01:54.349] Enabled: True, DiagnosticLogs: False
[Warning:ServersideQoL] [00:01:54.349] Unsupported network version: 36, expected: 35
[Warning:ServersideQoL] [00:01:54.349] Unsupported world version: 37, expected: 36
[Error  :ServersideQoL] [00:01:54.349] Version checks failed. Mod execution is stopped
[Info   :ServersideQoL] [00:01:59.370] Enabled: True, DiagnosticLogs: False
[Warning:ServersideQoL] [00:01:59.370] Unsupported network version: 36, expected: 35
[Warning:ServersideQoL] [00:01:59.370] Unsupported world version: 37, expected: 36
[Error  :ServersideQoL] [00:01:59.370] Version checks failed. Mod execution is stopped
[Info   :ServersideQoL] [00:02:04.393] Enabled: True, DiagnosticLogs: False
[Warning:ServersideQoL] [00:02:04.393] Unsupported network version: 36, expected: 35
[Warning:ServersideQoL] [00:02:04.393] Unsupported world version: 37, expected: 36
[Error  :ServersideQoL] [00:02:04.393] Version checks failed. Mod execution is stopped
[Info   :ServersideQoL] [00:02:09.420] Enabled: True, DiagnosticLogs: False
[Warning:ServersideQoL] [00:02:09.420] Unsupported network version: 36, expected: 35
[Warning:ServersideQoL] [00:02:09.420] Unsupported world version: 37, expected: 36
[Error  :ServersideQoL] [00:02:09.421] Version checks failed. Mod execution is stopped
[Info   :ServersideQoL] [00:02:14.446] Enabled: True, DiagnosticLogs: False
[Warning:ServersideQoL] [00:02:14.446] Unsupported network version: 36, expected: 35
[Warning:ServersideQoL] [00:02:14.446] Unsupported world version: 37, expected: 36
[Error  :ServersideQoL] [00:02:14.446] Version checks failed. Mod execution is stopped
[Info   :ServersideQoL] [00:02:19.468] Enabled: True, DiagnosticLogs: False
[Warning:ServersideQoL] [00:02:19.468] Unsupported network version: 36, expected: 35
[Warning:ServersideQoL] [00:02:19.468] Unsupported world version: 37, expected: 36
[Error  :ServersideQoL] [00:02:19.468] Version checks failed. Mod execution is stopped
[Info   :ServersideQoL] [00:02:24.493] Enabled: True, DiagnosticLogs: False
[Warning:ServersideQoL] [00:02:24.494] Unsupported network version: 36, expected: 35
[Warning:ServersideQoL] [00:02:24.494] Unsupported world version: 37, expected: 36
[Error  :ServersideQoL] [00:02:24.494] Version checks failed. Mod execution is stopped
[Info   :ServersideQoL] [00:02:29.522] Enabled: True, DiagnosticLogs: False
[Warning:ServersideQoL] [00:02:29.522] Unsupported network version: 36, expected: 35
[Warning:ServersideQoL] [00:02:29.522] Unsupported world version: 37, expected: 36
[Error  :ServersideQoL] [00:02:29.522] Version checks failed. Mod execution is stopped
[Info   :ServersideQoL] [00:02:34.549] Enabled: True, DiagnosticLogs: False
[Warning:ServersideQoL] [00:02:34.549] Unsupported network version: 36, expected: 35
[Warning:ServersideQoL] [00:02:34.549] Unsupported world version: 37, expected: 36
[Error  :ServersideQoL] [00:02:34.549] Version checks failed. Mod execution is stopped
[Info   :ServersideQoL] [00:02:39.576] Enabled: True, DiagnosticLogs: False
[Warning:ServersideQoL] [00:02:39.576] Unsupported network version: 36, expected: 35
[Warning:ServersideQoL] [00:02:39.576] Unsupported world version: 37, expected: 36
[Error  :ServersideQoL] [00:02:39.576] Version checks failed. Mod execution is stopped
[Info   :ServersideQoL] [00:02:44.600] Enabled: True, DiagnosticLogs: False
[Warning:ServersideQoL] [00:02:44.600] Unsupported network version: 36, expected: 35
[Warning:ServersideQoL] [00:02:44.600] Unsupported world version: 37, expected: 36
[Error  :ServersideQoL] [00:02:44.600] Version checks failed. Mod execution is stopped
[Info   :ServersideQoL] [00:02:49.626] Enabled: True, DiagnosticLogs: False
[Warning:ServersideQoL] [00:02:49.626] Unsupported network version: 36, expected: 35
[Warning:ServersideQoL] [00:02:49.626] Unsupported world version: 37, expected: 36
[Error  :ServersideQoL] [00:02:49.626] Version checks failed. Mod execution is stopped
[Info   :ServersideQoL] [00:02:54.652] Enabled: True, DiagnosticLogs: False
[Warning:ServersideQoL] [00:02:54.652] Unsupported network version: 36, expected: 35
[Warning:ServersideQoL] [00:02:54.652] Unsupported world version: 37, expected: 36
[Error  :ServersideQoL] [00:02:54.652] Version checks failed. Mod execution is stopped
[Info   : Unity Log] 02/11/2026 19:06:41: RPC_Disconnect

[Info   : Unity Log] 02/11/2026 19:06:41: Destroying abandoned non persistent zdo 722408320:1 owner 722408320

[Info   : Unity Log] 02/11/2026 19:06:41: Destroying abandoned non persistent zdo 722408320:2 owner 722408320

[Info   : Unity Log] 02/11/2026 19:06:41: Destroying abandoned non persistent zdo 722408320:106 owner 722408320

[Info   : Unity Log] 02/11/2026 19:06:41: Destroying abandoned non persistent zdo 722408320:111 owner 722408320

[Info   : Unity Log] 02/11/2026 19:06:41: Disposing socket

[Info   : Unity Log] 02/11/2026 19:06:41: Closing socket 76561198028550379

[Info   : Unity Log] 02/11/2026 19:06:41:   send queue size:0

[Info   : Unity Log] 02/11/2026 19:06:41: Disposing socket

[Info   : Unity Log] 02/11/2026 19:06:41: Got status changed msg k_ESteamNetworkingConnectionState_ClosedByPeer

[Info   : Unity Log] 02/11/2026 19:06:41: Socket closed by peer Steamworks.SteamNetConnectionStatusChangedCallback_t

[Info   : Unity Log] 02/11/2026 19:06:41: Got status changed msg k_ESteamNetworkingConnectionState_None

[Info   :ServersideQoL] [00:02:59.655] Enabled: True, DiagnosticLogs: False
[Warning:ServersideQoL] [00:02:59.655] Unsupported network version: 36, expected: 35
[Warning:ServersideQoL] [00:02:59.655] Unsupported world version: 37, expected: 36
[Error  :ServersideQoL] [00:02:59.655] Version checks failed. Mod execution is stopped
[Info   :ServersideQoL] [00:03:04.687] Enabled: True, DiagnosticLogs: False
[Warning:ServersideQoL] [00:03:04.687] Unsupported network version: 36, expected: 35
[Warning:ServersideQoL] [00:03:04.687] Unsupported world version: 37, expected: 36
[Error  :ServersideQoL] [00:03:04.687] Version checks failed. Mod execution is stopped
[Info   : Unity Log] 02/11/2026 19:06:53: Game - OnApplicationQuit

[Info   : Unity Log] 02/11/2026 19:06:53: Available space to current user: 16855728128. Saving is blocked if below: 12497544 bytes. Warnings are given if below: 24995088

[Info   : Unity Log] 02/11/2026 19:06:53: Shutting down

[Info   : Unity Log] 02/11/2026 19:06:53: ZNet Shutdown

[Info   : Unity Log] 02/11/2026 19:06:53: PrepareSave: clone done in 22ms

[Info   : Unity Log] 02/11/2026 19:06:53: PrepareSave: ZDOExtraData.PrepareSave done in 18 ms

[Info   : Unity Log] 02/11/2026 19:06:53: Unloading unused assets

[Info   : Unity Log] 02/11/2026 19:06:53: Sending disconnect msg

[Info   : Unity Log] ZPlayFabMatchmaking::UnregisterServer - unregistering server now. State: Uninitialized
[Info   : Unity Log] 02/11/2026 19:06:53: Disposing socket

[Info   : Unity Log] 02/11/2026 19:06:53: Stopping listening socket

[Info   : Unity Log] 02/11/2026 19:06:53: Last socket, unregistering callback

[Info   : Unity Log] 02/11/2026 19:06:53: ZSteamSocket  UnregisterGlobalCallbacks, existing sockets:0

[Info   : Unity Log] 02/11/2026 19:06:53: Stopping build thread

[Info   : Unity Log] 02/11/2026 19:06:56: ZNet OnDestroy

[Info   : Unity Log] 02/11/2026 19:06:56: Net scene destroyed

[Info   : Unity Log] 02/11/2026 19:06:56: Steam manager on destroy

